Log file open, 08/13/17 23:30:41
LogWindows: LoadLibraryWithSearchPaths failed for file aqProf.dll. GetLastError=0
LogWindows: LoadLibraryWithSearchPaths failed for file VSPerf140.dll. GetLastError=0
LogWindows: LoadLibraryWithSearchPaths failed for file VtuneApi.dll. GetLastError=0
LogWindows: LoadLibraryWithSearchPaths failed for file VtuneApi32e.dll. GetLastError=0
LogInit: Display: Running engine for game: InfiniteMatrix
LogPlatformFile: Not using cached read wrapper
LogInit: Display: RandInit(866241117) SRandInit(866241117).
LogTaskGraph: Started task graph with 5 named threads and 14 total threads with 3 sets of task threads.
LogStats: Stats thread started at 0.580973
LogD3D11RHI: Aftermath initialized
LogPluginManager: Mounting plugin Paper2D
LogPluginManager: Mounting plugin LightPropagationVolume
LogPluginManager: Mounting plugin CodeLiteSourceCodeAccess
LogPluginManager: Mounting plugin GitSourceControl
LogPluginManager: Mounting plugin KDevelopSourceCodeAccess
LogPluginManager: Mounting plugin NullSourceCodeAccess
LogPluginManager: Mounting plugin PerforceSourceControl
LogPluginManager: Mounting plugin SubversionSourceControl
LogPluginManager: Mounting plugin UObjectPlugin
LogPluginManager: Mounting plugin VisualStudioSourceCodeAccess
LogPluginManager: Mounting plugin XCodeSourceCodeAccess
LogPluginManager: Mounting plugin AssetManagerEditor
LogPluginManager: Mounting plugin AudioCapture
LogPluginManager: Mounting plugin FacialAnimation
LogPluginManager: Mounting plugin GameplayTagsEditor
LogPluginManager: Mounting plugin MobileLauncherProfileWizard
LogPluginManager: Mounting plugin PluginBrowser
LogPluginManager: Mounting plugin SpeedTreeImporter
LogPluginManager: Mounting plugin AlembicImporter
LogPluginManager: Mounting plugin CharacterAI
LogPluginManager: Mounting plugin HTML5Networking
LogPluginManager: Mounting plugin AndroidMedia
LogPluginManager: Mounting plugin AvfMedia
LogPluginManager: Mounting plugin MediaPlayerEditor
LogPluginManager: Mounting plugin WmfMedia
LogPluginManager: Mounting plugin TcpMessaging
LogPluginManager: Mounting plugin UdpMessaging
LogPluginManager: Mounting plugin LevelSequenceEditor
LogPluginManager: Mounting plugin MatineeToLevelSequence
LogPluginManager: Mounting plugin OnlineSubsystemGooglePlay
LogPluginManager: Mounting plugin OnlineSubsystemIOS
LogPluginManager: Mounting plugin OnlineSubsystem
LogPluginManager: Mounting plugin OnlineSubsystemNull
LogPluginManager: Mounting plugin OnlineSubsystemUtils
LogPluginManager: Mounting plugin AndroidDeviceProfileSelector
LogPluginManager: Mounting plugin AndroidMoviePlayer
LogPluginManager: Mounting plugin AndroidPermission
LogPluginManager: Mounting plugin AppleMoviePlayer
LogPluginManager: Mounting plugin ArchVisCharacter
LogPluginManager: Mounting plugin CableComponent
LogPluginManager: Mounting plugin CustomMeshComponent
LogPluginManager: Mounting plugin ExampleDeviceProfileSelector
LogPluginManager: Mounting plugin GoogleCloudMessaging
LogPluginManager: Mounting plugin ImmediatePhysics
LogPluginManager: Mounting plugin IOSDeviceProfileSelector
LogPluginManager: Mounting plugin LinuxDeviceProfileSelector
LogPluginManager: Mounting plugin LocationServicesBPLibrary
LogPluginManager: Mounting plugin MobilePatchingUtils
LogPluginManager: Mounting plugin OculusVR
LogPluginManager: Mounting plugin PhysXVehicles
LogPluginManager: Mounting plugin ProceduralMeshComponent
LogPluginManager: Mounting plugin RuntimePhysXCooking
LogPluginManager: Mounting plugin SteamVR
LogPluginManager: Mounting plugin WindowsMoviePlayer
LogInit: Using libcurl 7.47.1
LogInit:  - built for x86_64-pc-win32
LogInit:  - supports SSL with OpenSSL/1.0.2g
LogInit:  - supports HTTP deflate (compression) using libz 1.2.8
LogInit:  - other features:
LogInit:      CURL_VERSION_SSL
LogInit:      CURL_VERSION_LIBZ
LogInit:      CURL_VERSION_IPV6
LogInit:      CURL_VERSION_ASYNCHDNS
LogInit:      CURL_VERSION_LARGEFILE
LogInit:      CURL_VERSION_IDN
LogInit:  CurlRequestOptions (configurable via config and command line):
LogInit:  - bVerifyPeer = false  - Libcurl will NOT verify peer certificate
LogInit:  - bUseHttpProxy = false  - Libcurl will NOT use HTTP proxy
LogInit:  - bDontReuseConnections = false  - Libcurl will reuse connections
LogInit:  - CertBundlePath = nullptr  - Libcurl will use whatever was configured at build time.
LogInit: Build: ++UE4+Release-4.17-CL-3573198
LogInit: Engine Version: 4.17.0-3573198+++UE4+Release-4.17
LogInit: Compatible Engine Version: 4.17.0-3573198+++UE4+Release-4.17
LogInit: Net CL: 3573198
LogDevObjectVersion: Number of dev versions registered: 16
LogDevObjectVersion:   Dev-Blueprints (B0D832E4-1F89-4F0D-ACCF-7EB736FD4AA2): 10
LogDevObjectVersion:   Dev-Build (E1C64328-A22C-4D53-A36C-8E866417BD8C): 0
LogDevObjectVersion:   Dev-Core (375EC13C-06E4-48FB-B500-84F0262A717E): 2
LogDevObjectVersion:   Dev-Editor (E4B068ED-F494-42E9-A231-DA0B2E46BB41): 20
LogDevObjectVersion:   Dev-Framework (CFFC743F-43B0-4480-9391-14DF171D2073): 28
LogDevObjectVersion:   Dev-Mobile (B02B49B5-BB20-44E9-A304-32B752E40360): 0
LogDevObjectVersion:   Dev-Networking (A4E4105C-59A1-49B5-A7C5-40C4547EDFEE): 0
LogDevObjectVersion:   Dev-Online (39C831C9-5AE6-47DC-9A44-9C173E1C8E7C): 0
LogDevObjectVersion:   Dev-Physics (78F01B33-EBEA-4F98-B9B4-84EACCB95AA2): 0
LogDevObjectVersion:   Dev-Platform (6631380F-2D4D-43E0-8009-CF276956A95A): 0
LogDevObjectVersion:   Dev-Rendering (12F88B9F-8875-4AFC-A67C-D90C383ABD29): 19
LogDevObjectVersion:   Dev-Sequencer (7B5AE74C-D270-4C10-A958-57980B212A5A): 4
LogDevObjectVersion:   Dev-VR (D7296918-1DD6-4BDD-9DE2-64A83CC13884): 0
LogDevObjectVersion:   Dev-LoadTimes (C2A15278-BFE7-4AFE-6C17-90FF531DF755): 1
LogDevObjectVersion:   Private-Geometry (6EACA3D4-40EC-4CC1-B786-8BED09428FC5): 1
LogDevObjectVersion:   Dev-AnimPhys (29E575DD-E0A3-4627-9D10-D276232CDCEA): 7
LogInit: Compiled (64-bit): Aug  4 2017 16:30:33
LogInit: Compiled with Visual C++: 19.00.24215.01
LogInit: Build Configuration: Development
LogInit: Branch Name: ++UE4+Release-4.17
LogInit: Command line:  
LogInit: Base directory: C:/Program Files/Epic Games/UE_4.17/Engine/Binaries/Win64/
LogInit: Installed Engine Build: 1
LogInit: Presizing for max 8388607 objects, including 0 objects not considered by GC, pre-allocating 0 bytes for permanent pool.
LogInit: Object subsystem initialized
[2017.08.13-13.30.42:597][  0]LogInit: Selected Device Profile: [Windows]
[2017.08.13-13.30.42:597][  0]LogInit: Applying CVar settings loaded from the selected device profile: [Windows]
[2017.08.13-13.30.42:624][  0]LogInit: Computer: DESKTOP-IBGBMK1
[2017.08.13-13.30.42:624][  0]LogInit: User: tommy
[2017.08.13-13.30.42:624][  0]LogInit: CPU Page size=4096, Cores=4
[2017.08.13-13.30.42:624][  0]LogInit: High frequency timer resolution =2.437500 MHz
[2017.08.13-13.30.42:624][  0]LogMemory: Memory total: Physical=7.9GB (8GB approx)
[2017.08.13-13.30.42:624][  0]LogMemory: Platform Memory Stats for Windows
[2017.08.13-13.30.42:624][  0]LogMemory: Process Physical Memory: 277.32 MB used, 277.32 MB peak
[2017.08.13-13.30.42:624][  0]LogMemory: Process Virtual Memory: 274.06 MB used, 274.06 MB peak
[2017.08.13-13.30.42:624][  0]LogMemory: Physical Memory: 4804.00 MB used,  3251.70 MB free, 8055.70 MB total
[2017.08.13-13.30.42:624][  0]LogMemory: Virtual Memory: 667.45 MB used,  3251.70 MB free, 134217728.00 MB total
[2017.08.13-13.30.43:519][  0]LogInit: Using OS detected language (en-US).
[2017.08.13-13.30.43:520][  0]LogInit: Using OS detected locale (en-AU).
[2017.08.13-13.30.43:582][  0]LogTextLocalizationManager: No specific localization for 'en-US' exists, so the 'en' localization will be used.
[2017.08.13-13.30.46:455][  0]LogD3D11RHI: D3D11 adapters:
[2017.08.13-13.30.46:499][  0]LogD3D11RHI:    0. 'NVIDIA GeForce GTX 1050 Ti' (Feature Level 11_0)
[2017.08.13-13.30.46:499][  0]LogD3D11RHI:       1974/0/4027 MB DedicatedVideo/DedicatedSystem/SharedSystem, Outputs:2, VendorId:0x10de
[2017.08.13-13.30.46:506][  0]LogD3D11RHI:    1. 'Intel(R) HD Graphics 630' (Feature Level 11_0)
[2017.08.13-13.30.46:506][  0]LogD3D11RHI:       128/0/4027 MB DedicatedVideo/DedicatedSystem/SharedSystem, Outputs:0, VendorId:0x8086
[2017.08.13-13.30.46:507][  0]LogD3D11RHI:    2. 'Microsoft Basic Render Driver' (Feature Level 11_0)
[2017.08.13-13.30.46:507][  0]LogD3D11RHI:       0/0/4027 MB DedicatedVideo/DedicatedSystem/SharedSystem, Outputs:0, VendorId:0x1414
[2017.08.13-13.30.46:507][  0]LogD3D11RHI: Chosen D3D11 Adapter: 0
[2017.08.13-13.30.46:513][  0]LogD3D11RHI: Creating new Direct3DDevice
[2017.08.13-13.30.46:513][  0]LogD3D11RHI:     GPU DeviceId: 0x1c8c (for the marketing name, search the web for "GPU Device Id")
[2017.08.13-13.30.46:513][  0]LogWindows: EnumDisplayDevices:
[2017.08.13-13.30.46:513][  0]LogWindows:    0. 'Intel(R) HD Graphics 630' (P:1 D:1)
[2017.08.13-13.30.46:514][  0]LogWindows:    1. 'Intel(R) HD Graphics 630' (P:0 D:1)
[2017.08.13-13.30.46:514][  0]LogWindows:    2. 'Intel(R) HD Graphics 630' (P:0 D:0)
[2017.08.13-13.30.46:514][  0]LogWindows: DebugString: PrimaryIsNotTheChoosenAdapter PrimaryIsNotTheChoosenAdapter PrimaryIsNotTheChoosenAdapter FoundDriverCount:0 
[2017.08.13-13.30.46:514][  0]LogD3D11RHI:     Adapter Name: NVIDIA GeForce GTX 1050 Ti
[2017.08.13-13.30.46:514][  0]LogD3D11RHI:   Driver Version: Unknown (internal:Unknown, unified:Unknown)
[2017.08.13-13.30.46:514][  0]LogD3D11RHI:      Driver Date: Unknown
[2017.08.13-13.30.46:514][  0]LogRHI: Texture pool is 1361 MB (70% of 1945 MB)
[2017.08.13-13.30.46:539][  0]LogD3D11RHI: Async texture creation enabled
[2017.08.13-13.30.46:563][  0]LogD3D11RHI: GPU Timing Frequency: 1000.000000 (Debug: 2 1)
[2017.08.13-13.30.46:568][  0]LogShaderCompilers: Guid format shader working directory is -6 characters bigger than the processId version (../../../../../../Users/tommy/Desktop/InfiniteMatrix/Intermediate/Shaders/WorkingDirectory/9368/).
[2017.08.13-13.30.46:568][  0]LogShaderCompilers: Cleaned the shader compiler working directory 'C:/Users/tommy/AppData/Local/Temp/UnrealShaderWorkingDir/B00A6C754E9B9A912EBA11BA53053782/'.
[2017.08.13-13.30.46:568][  0]LogShaderCompilers: Display: Using Local Shader Compiler.
[2017.08.13-13.30.48:575][  0]LogTemp: Display: Loaded TP AllDesktopTargetPlatform
[2017.08.13-13.30.48:625][  0]LogTemp: Display: Loaded TP MacClientTargetPlatform
[2017.08.13-13.30.48:675][  0]LogTemp: Display: Loaded TP MacNoEditorTargetPlatform
[2017.08.13-13.30.48:726][  0]LogTemp: Display: Loaded TP MacServerTargetPlatform
[2017.08.13-13.30.48:783][  0]LogTemp: Display: Loaded TP MacTargetPlatform
[2017.08.13-13.30.48:833][  0]LogTemp: Display: Loaded TP WindowsClientTargetPlatform
[2017.08.13-13.30.48:885][  0]LogTemp: Display: Loaded TP WindowsNoEditorTargetPlatform
[2017.08.13-13.30.48:936][  0]LogTemp: Display: Loaded TP WindowsServerTargetPlatform
[2017.08.13-13.30.48:982][  0]LogTemp: Display: Loaded TP WindowsTargetPlatform
[2017.08.13-13.30.49:036][  0]LogTemp: Display: Loaded TP AndroidTargetPlatform
[2017.08.13-13.30.49:087][  0]LogTemp: Display: Loaded TP Android_ASTCTargetPlatform
[2017.08.13-13.30.49:138][  0]LogTemp: Display: Loaded TP Android_ATCTargetPlatform
[2017.08.13-13.30.49:189][  0]LogTemp: Display: Loaded TP Android_DXTTargetPlatform
[2017.08.13-13.30.49:241][  0]LogTemp: Display: Loaded TP Android_ETC1TargetPlatform
[2017.08.13-13.30.49:299][  0]LogTemp: Display: Loaded TP Android_ETC2TargetPlatform
[2017.08.13-13.30.49:420][  0]LogTemp: Display: Loaded TP Android_MultiTargetPlatform
[2017.08.13-13.30.49:420][  0]LogTemp: Display: Loaded TP Android_PVRTCTargetPlatform
[2017.08.13-13.30.49:465][  0]LogTemp: Display: Loaded TP HTML5TargetPlatform
[2017.08.13-13.30.49:572][  0]LogTemp: Display: Loaded TP IOSTargetPlatform
[2017.08.13-13.30.49:607][  0]LogTemp: Display: Loaded TP TVOSTargetPlatform
[2017.08.13-13.30.49:672][  0]LogTemp: Display: Loaded TP LinuxClientTargetPlatform
[2017.08.13-13.30.49:741][  0]LogTemp: Display: Loaded TP LinuxNoEditorTargetPlatform
[2017.08.13-13.30.49:801][  0]LogTemp: Display: Loaded TP LinuxServerTargetPlatform
[2017.08.13-13.30.49:865][  0]LogTemp: Display: Loaded TP LinuxTargetPlatform
[2017.08.13-13.30.49:865][  0]LogTargetPlatformManager: Display: Building Assets For Windows
[2017.08.13-13.30.50:495][  0]LogDerivedDataCache: Display: Max Cache Size: 512 MB
[2017.08.13-13.30.50:876][  0]LogDerivedDataCache: Loaded boot cache 0.38s 93MB C:/Users/tommy/AppData/Local/UnrealEngine/4.17/DerivedDataCache/Boot.ddc.
[2017.08.13-13.30.50:876][  0]LogDerivedDataCache: Display: Loaded Boot cache: C:/Users/tommy/AppData/Local/UnrealEngine/4.17/DerivedDataCache/Boot.ddc
[2017.08.13-13.30.50:876][  0]LogDerivedDataCache: FDerivedDataBackendGraph:  Pak pak cache file ../../../../../../Users/tommy/Desktop/InfiniteMatrix/DerivedDataCache/DDC.ddp not found, will not use a pak cache.
[2017.08.13-13.30.50:876][  0]LogDerivedDataCache: Unable to find inner node Pak for hierarchical cache Hierarchy.
[2017.08.13-13.30.50:876][  0]LogDerivedDataCache: FDerivedDataBackendGraph:  CompressedPak pak cache file ../../../../../../Users/tommy/Desktop/InfiniteMatrix/DerivedDataCache/Compressed.ddp not found, will not use a pak cache.
[2017.08.13-13.30.50:876][  0]LogDerivedDataCache: Unable to find inner node CompressedPak for hierarchical cache Hierarchy.
[2017.08.13-13.30.50:904][  0]LogDerivedDataCache: Display: Pak cache opened for reading ../../../Engine/DerivedDataCache/Compressed.ddp.
[2017.08.13-13.30.50:917][  0]LogDerivedDataCache: Using Local data cache path C:/Users/tommy/AppData/Local/UnrealEngine/Common/DerivedDataCache: Writable
[2017.08.13-13.30.50:932][  0]LogMaterial: Verifying Global Shaders for PCD3D_SM5
[2017.08.13-13.30.50:937][  0]LogSlate: Using Freetype 2.6.0
[2017.08.13-13.30.50:958][  0]LogSlate: SlateFontCache - WITH_FREETYPE: 1, WITH_HARFBUZZ: 1
[2017.08.13-13.30.50:959][  0]LogSlate: SlateFontCache - WITH_FREETYPE: 1, WITH_HARFBUZZ: 1
[2017.08.13-13.30.51:740][  0]LogAssetRegistry: FAssetRegistry took 0.0282 seconds to start up
[2017.08.13-13.30.51:900][  0]LogInit: Selected Device Profile: [Windows]
[2017.08.13-13.30.52:353][  0]LogContentStreaming: Texture pool size is 0.00 MB
[2017.08.13-13.30.52:739][  0]LogSimplygon: Simplygon DLL not present - disabling.
[2017.08.13-13.30.52:783][  0]LogMeshReduction: Using SimplygonSwarm for distributed automatic mesh merging
[2017.08.13-13.30.52:784][  0]LogMeshReduction: Using QuadricMeshReduction for automatic static mesh reduction
[2017.08.13-13.30.52:784][  0]LogMeshReduction: No automatic skeletal mesh reduction module available
[2017.08.13-13.30.52:784][  0]LogMeshReduction: No automatic mesh merging module available
[2017.08.13-13.30.52:784][  0]LogMeshMerging: No automatic mesh merging module available
[2017.08.13-13.30.53:668][  0]LogNetVersion: InfiniteMatrix , NetCL: 3573198, EngineNetVer: 2, GameNetVer: 0 (Checksum: 1815960768)
[2017.08.13-13.30.54:151][  0]LogPackageLocalizationCache: Processed 5 localized package path(s) for 2 prioritized culture(s) in 0.052803 seconds
[2017.08.13-13.30.54:159][  0]LogUObjectArray: 35825 objects as part of root set at end of initial load.
[2017.08.13-13.30.54:159][  0]LogUObjectAllocator: 7529112 out of 0 bytes used by permanent object pool.
[2017.08.13-13.30.54:159][  0]LogUObjectArray: CloseDisregardForGC: 0/0 objects in disregard for GC pool
[2017.08.13-13.30.54:226][  0]LogInit: WinSock: version 1.1 (2.2), MaxSocks=32767, MaxUdp=65467
[2017.08.13-13.30.59:667][  0]LogTcpMessaging: Initializing TcpMessaging bridge
[2017.08.13-13.30.59:712][  0]LogUdpMessaging: Initializing bridge on interface 0.0.0.0:0 to multicast group 230.0.0.1:6666.
[2017.08.13-13.31.00:520][  0]LogMaterial: Uniform references updated for custom material expression Custom.
[2017.08.13-13.31.01:059][  0]SourceControl: Source control is disabled
[2017.08.13-13.31.01:060][  0]SourceControl: Source control is disabled
[2017.08.13-13.31.01:117][  0]SourceControl: Source control is disabled
[2017.08.13-13.31.01:172][  0]SourceControl: Source control is disabled
[2017.08.13-13.31.01:897][  0]LogAndroidPermission: UAndroidPermissionCallbackProxy::GetInstance
[2017.08.13-13.31.02:138][  0]LogOcInput: OculusInput pre-init called
[2017.08.13-13.31.02:435][  0]LogEngine: Initializing Engine...
[2017.08.13-13.31.02:437][  0]LogHMD: Failed to initialize OpenVR with code 110
[2017.08.13-13.31.02:867][  0]LogStats: UGameplayTagsManager::ConstructGameplayTagTree: Construct from data asset -  0.000 s
[2017.08.13-13.31.02:867][  0]LogStats: UGameplayTagsManager::ConstructGameplayTagTree: GameplayTagTreeChangedEvent.Broadcast -  0.000 s
[2017.08.13-13.31.03:015][  0]LogAIModule: Creating AISystem for world Untitled
[2017.08.13-13.31.03:027][  0]LogInit: XAudio2 using 'Speakers / Headphones (Conexant SmartAudio HD)' : 2 channels at 48 kHz using 32 bits per sample (channel mask 0x3)
[2017.08.13-13.31.03:070][  0]LogInit: FAudioDevice initialized.
[2017.08.13-13.31.03:162][  0]LogDerivedDataCache: Saved boot cache 0.09s 93MB C:/Users/tommy/AppData/Local/UnrealEngine/4.17/DerivedDataCache/Boot.ddc.
[2017.08.13-13.31.03:184][  0]LogInit: Texture streaming: Enabled
[2017.08.13-13.31.03:305][  0]LogEngineSessionManager: EngineSessionManager initialized
[2017.08.13-13.31.03:568][  0]LogInit: Transaction tracking system initialized
[2017.08.13-13.31.03:934][  0]BlueprintLog: New page: Editor Load
[2017.08.13-13.31.05:009][  0]LocalizationService: Localization service is disabled
[2017.08.13-13.31.05:857][  0]LogConsoleResponse: Display: 
[2017.08.13-13.31.06:297][  0]LogFileCache: Scanning file cache for directory 'C:/Users/tommy/Desktop/InfiniteMatrix/Content/' took 0.02s
[2017.08.13-13.31.06:297][  0]LogCook: Display: Max memory allowance for cook 16384mb min free memory 0mb
[2017.08.13-13.31.06:297][  0]LogCook: Display: Mobile HDR setting 1
[2017.08.13-13.31.06:298][  0]LogGameplayTags: Display: UGameplayTagsManager::DoneAddingNativeTags. DelegateIsBound: 0
[2017.08.13-13.31.07:551][  0]SourceControl: Source control is disabled
[2017.08.13-13.31.07:552][  0]Cmd: MAP LOAD FILE="../../../../../../Users/tommy/Desktop/InfiniteMatrix/Content/InfiniteMatrix/Maps/TutorialMap.umap" TEMPLATE=0 SHOWPROGRESS=1 FEATURELEVEL=3
[2017.08.13-13.31.07:553][  0]LightingResults: New page: Lighting Build
[2017.08.13-13.31.07:604][  0]MapCheck: New page: Map Check
[2017.08.13-13.31.07:604][  0]LightingResults: New page: Lighting Build
[2017.08.13-13.31.08:008][  0]LogAIModule: Creating AISystem for world TutorialMap
[2017.08.13-13.31.08:025][  0]LogEditorServer: Finished looking for orphan Actors (0.000 secs)
[2017.08.13-13.31.08:042][  0]Cmd: MAP CHECKDEP NOCLEARLOG
[2017.08.13-13.31.08:092][  0]MapCheck: Map check complete: 0 Error(s), 0 Warning(s), took 50.431ms to complete.
[2017.08.13-13.31.08:092][  0]LogFileHelpers: Loading map 'TutorialMap' took 0.541
[2017.08.13-13.31.08:331][  0]LogCollectionManager: Loaded 0 collections in 0.001998 seconds
[2017.08.13-13.31.08:429][  0]LogFileCache: Scanning file cache for directory 'C:/Users/tommy/Desktop/InfiniteMatrix/Saved/Collections/' took 0.01s
[2017.08.13-13.31.08:429][  0]LogFileCache: Scanning file cache for directory 'C:/Users/tommy/Desktop/InfiniteMatrix/Content/Developers/tommy/Collections/' took 0.01s
[2017.08.13-13.31.08:429][  0]LogFileCache: Scanning file cache for directory 'C:/Users/tommy/Desktop/InfiniteMatrix/Content/Collections/' took 0.01s
[2017.08.13-13.31.08:429][  0]LogCollectionManager: Rebuilt the GUID cache for 0 collections in 0.000000 seconds
[2017.08.13-13.31.08:439][  0]LogContentBrowser: Native class hierarchy populated in 0.0091 seconds. Added 2386 classes and 500 folders.
[2017.08.13-13.31.08:508][  0]LogContentBrowser: Native class hierarchy updated for 'WidgetCarousel' in 0.0009 seconds. Added 0 classes and 0 folders.
[2017.08.13-13.31.08:895][  0]LogContentBrowser: Native class hierarchy updated for 'AddContentDialog' in 0.0009 seconds. Added 0 classes and 0 folders.
[2017.08.13-13.31.08:952][  0]LogContentBrowser: Native class hierarchy updated for 'SceneOutliner' in 0.0007 seconds. Added 1 classes and 2 folders.
[2017.08.13-13.31.09:112][  0]LogSlate: Took 0.008319 seconds to synchronously load lazily loaded font '../../../Engine/Content/Slate/Fonts/Roboto-Regular.ttf' (155K)
[2017.08.13-13.31.09:127][  0]LogSlate: Took 0.006144 seconds to synchronously load lazily loaded font '../../../Engine/Content/Slate/Fonts/Roboto-Bold.ttf' (160K)
[2017.08.13-13.31.09:144][  0]LogSlate: Took 0.005506 seconds to synchronously load lazily loaded font '../../../Engine/Content/Editor/Slate/Fonts/FontAwesome.ttf' (139K)
[2017.08.13-13.31.09:347][  0]LogRenderer: Reallocating scene render targets to support 1112x628 Format 10 NumSamples 1 (Frame:1).
[2017.08.13-13.31.09:633][  0]LogContentBrowser: Native class hierarchy updated for 'HierarchicalLODOutliner' in 0.0006 seconds. Added 1 classes and 2 folders.
[2017.08.13-13.31.09:633][  0]LogLoad: (Engine Initialization) Total time: 30.20 seconds
[2017.08.13-13.31.09:633][  0]LogLoad: (Engine Initialization) Total Blueprint compile time: 0.00 seconds
[2017.08.13-13.31.09:633][  0]LogExternalProfiler: No external profilers were discovered.  External profiling features will not be available.
[2017.08.13-13.31.09:996][  0]LogContentStreaming: Texture pool size now 1000 MB
[2017.08.13-13.31.10:051][  0]LogSlate: Took 0.005083 seconds to synchronously load lazily loaded font '../../../Engine/Content/Slate/Fonts/Roboto-Light.ttf' (159K)
[2017.08.13-13.31.10:325][  1]LogAssetRegistry: Asset discovery search completed in 18.6076 seconds
[2017.08.13-13.31.10:328][  1]LogCollectionManager: Rebuilt the object cache for 0 collections in 0.000000 seconds (found 0 objects)
[2017.08.13-13.31.10:328][  1]LogCollectionManager: Fixed up redirectors for 0 collections in 0.000149 seconds (updated 0 objects)
[2017.08.13-13.31.53:961][861]LogSlate: Took 0.000127 seconds to synchronously load lazily loaded font '../../../Engine/Content/Slate/Fonts/Roboto-Light.ttf' (159K)
[2017.08.13-13.31.54:588][861]LogRenderer: Reallocating scene render targets to support 1432x924 Format 10 NumSamples 1 (Frame:1).
[2017.08.13-13.32.20:825][329]Cmd: OBJ SAVEPACKAGE PACKAGE="/Game/InfiniteMatrix/Meshes/SM_Hole_01" FILE="../../../../../../Users/tommy/Desktop/InfiniteMatrix/Content/InfiniteMatrix/Meshes/SM_Hole_01.uasset" SILENT=true
[2017.08.13-13.32.20:877][329]LogSavePackage: Save=16.78ms
[2017.08.13-13.32.20:877][329]LogSavePackage: Moving '../../../../../../Users/tommy/Desktop/InfiniteMatrix/Saved/SM_Hole_013B60C29743B1BC71801A08BFC5DDC1DE.tmp' to '../../../../../../Users/tommy/Desktop/InfiniteMatrix/Content/InfiniteMatrix/Meshes/SM_Hole_01.uasset'
[2017.08.13-13.32.20:884][329]LogSavePackage: Display: Finished SavePackage ../../../../../../Users/tommy/Desktop/InfiniteMatrix/Content/InfiniteMatrix/Meshes/SM_Hole_01.uasset
[2017.08.13-13.32.22:097][397]Cmd: OBJ SAVEPACKAGE PACKAGE="/Game/InfiniteMatrix/Meshes/SM_Hole_02" FILE="../../../../../../Users/tommy/Desktop/InfiniteMatrix/Content/InfiniteMatrix/Meshes/SM_Hole_02.uasset" SILENT=true
[2017.08.13-13.32.22:143][397]LogSavePackage: Save=15.62ms
[2017.08.13-13.32.22:143][397]LogSavePackage: Moving '../../../../../../Users/tommy/Desktop/InfiniteMatrix/Saved/SM_Hole_021750C2D349D54659F8DC7D81D5C2EB86.tmp' to '../../../../../../Users/tommy/Desktop/InfiniteMatrix/Content/InfiniteMatrix/Meshes/SM_Hole_02.uasset'
[2017.08.13-13.32.22:144][397]LogSavePackage: Display: Finished SavePackage ../../../../../../Users/tommy/Desktop/InfiniteMatrix/Content/InfiniteMatrix/Meshes/SM_Hole_02.uasset
[2017.08.13-13.32.23:398][470]Cmd: OBJ SAVEPACKAGE PACKAGE="/Game/InfiniteMatrix/Meshes/SM_Hole_03" FILE="../../../../../../Users/tommy/Desktop/InfiniteMatrix/Content/InfiniteMatrix/Meshes/SM_Hole_03.uasset" SILENT=true
[2017.08.13-13.32.23:449][470]LogSavePackage: Save=17.69ms
[2017.08.13-13.32.23:449][470]LogSavePackage: Moving '../../../../../../Users/tommy/Desktop/InfiniteMatrix/Saved/SM_Hole_031F3235A846A8223ECE2CC29B3605A251.tmp' to '../../../../../../Users/tommy/Desktop/InfiniteMatrix/Content/InfiniteMatrix/Meshes/SM_Hole_03.uasset'
[2017.08.13-13.32.23:450][470]LogSavePackage: Display: Finished SavePackage ../../../../../../Users/tommy/Desktop/InfiniteMatrix/Content/InfiniteMatrix/Meshes/SM_Hole_03.uasset
[2017.08.13-13.32.34:923][ 98]LogContentBrowser: Native class hierarchy updated for 'BlueprintGraph' in 0.0009 seconds. Added 113 classes and 0 folders.
[2017.08.13-13.32.35:594][ 98]LogSlate: Took 0.000247 seconds to synchronously load lazily loaded font '../../../Engine/Content/Slate/Fonts/Roboto-Regular.ttf' (155K)
[2017.08.13-13.32.35:708][ 98]LogSlate: Took 0.004949 seconds to synchronously load lazily loaded font '../../../Engine/Content/Editor/Slate/Fonts/Roboto-BoldCondensed.ttf' (158K)
[2017.08.13-13.32.35:866][ 99]LogSlate: Took 0.005919 seconds to synchronously load lazily loaded font '../../../Engine/Content/Editor/Slate/Fonts/Roboto-Italic.ttf' (157K)
[2017.08.13-13.32.48:305][810]BlueprintLog: New page: Compile BP_Player
[2017.08.13-13.32.48:347][810]LogBlueprint: Error: [Compiler BP_Tunnel] Could not find a function named "DisplayRestart" in 'BP_Player_C'.
Make sure 'BP_Player_C' has been compiled for  Display Restart
[2017.08.13-13.32.48:348][810]LogBlueprint: Warning: [Compiler BP_Tunnel] Could not find a variable named "IsDead" in 'BP_Player_C'.
Make sure 'BP_Player_C' has been compiled for  Set IsDead
[2017.08.13-13.32.48:351][810]LogBlueprint: Error: [Compiler WBP_Restart] Could not find a function named "RestartGame" in 'BP_Player_C'.
Make sure 'BP_Player_C' has been compiled for  Restart Game
[2017.08.13-13.32.48:352][810]LogBlueprint: Error: [Compiler BP_Tunnel] The property associated with  Is Dead  could not be found
[2017.08.13-13.32.48:362][810]LogBlueprint: Warning: [Compiler BP_Tunnel] [0128.93] Compile of BP_Tunnel failed. 2 Fatal Issue(s) 1 Warning(s) [in 52 ms] (/Game/InfiniteMatrix/Blueprints/BP_Tunnel.BP_Tunnel)
[2017.08.13-13.32.48:362][810]LogBlueprint: Warning: [Compiler WBP_Restart] [0128.93] Compile of WBP_Restart failed. 1 Fatal Issue(s) 0 Warning(s) [in 52 ms] (/Game/InfiniteMatrix/UI/WBP_Restart.WBP_Restart)
[2017.08.13-13.32.49:606][867]Cmd: OBJ SAVEPACKAGE PACKAGE="/Game/InfiniteMatrix/Blueprints/BP_Player" FILE="../../../../../../Users/tommy/Desktop/InfiniteMatrix/Content/InfiniteMatrix/Blueprints/BP_Player.uasset" SILENT=true
[2017.08.13-13.32.49:681][867]LogSavePackage: Save=35.54ms
[2017.08.13-13.32.49:682][867]LogSavePackage: Moving '../../../../../../Users/tommy/Desktop/InfiniteMatrix/Saved/BP_Player853A103F40713B45E3B943842BD1B6AB.tmp' to '../../../../../../Users/tommy/Desktop/InfiniteMatrix/Content/InfiniteMatrix/Blueprints/BP_Player.uasset'
[2017.08.13-13.32.49:685][867]LogSavePackage: Display: Finished SavePackage ../../../../../../Users/tommy/Desktop/InfiniteMatrix/Content/InfiniteMatrix/Blueprints/BP_Player.uasset
[2017.08.13-13.32.57:973][327]LogEditorActor: Deleted Actor: BP_TunnelSpawner_C
[2017.08.13-13.32.57:993][327]LogEditorActor: Deleted 1 Actors (0.023 secs)
[2017.08.13-13.33.40:233][201]BlueprintLog: New page: Compile BP_Tunnel
[2017.08.13-13.33.40:256][201]LogBlueprint: Error: [Compiler BP_TunnelSpawner] The property associated with  Tunnel Spawner  could not be found
[2017.08.13-13.33.40:257][201]LogBlueprint: Error: [Compiler BP_TunnelSpawner] The property associated with  Attach Point  could not be found
[2017.08.13-13.33.40:263][201]LogBlueprint: Warning: [Compiler BP_TunnelSpawner] [0180.83] Compile of BP_TunnelSpawner failed. 2 Fatal Issue(s) 0 Warning(s) [in 28 ms] (/Game/InfiniteMatrix/Blueprints/BP_TunnelSpawner.BP_TunnelSpawner)
[2017.08.13-13.33.40:813][220]Cmd: OBJ SAVEPACKAGE PACKAGE="/Game/InfiniteMatrix/Blueprints/BP_Tunnel" FILE="../../../../../../Users/tommy/Desktop/InfiniteMatrix/Content/InfiniteMatrix/Blueprints/BP_Tunnel.uasset" SILENT=true
[2017.08.13-13.33.40:871][220]LogSavePackage: Save=23.34ms
[2017.08.13-13.33.40:871][220]LogSavePackage: Moving '../../../../../../Users/tommy/Desktop/InfiniteMatrix/Saved/BP_Tunnel7690B95C4FC19661EDA1659DDCDD4949.tmp' to '../../../../../../Users/tommy/Desktop/InfiniteMatrix/Content/InfiniteMatrix/Blueprints/BP_Tunnel.uasset'
[2017.08.13-13.33.40:874][220]LogSavePackage: Display: Finished SavePackage ../../../../../../Users/tommy/Desktop/InfiniteMatrix/Content/InfiniteMatrix/Blueprints/BP_Tunnel.uasset
[2017.08.13-13.33.47:831][633]BlueprintLog: New page: Compile BP_Tunnel
[2017.08.13-13.33.47:842][633]LogBlueprint: Warning: [BP_TunnelSpawner] 'TunnelSpawner' variable not found. Base class was probably changed.
[2017.08.13-13.33.47:842][633]LogBlueprint: Warning: [BP_TunnelSpawner] 'TunnelSpawner' variable not found. Base class was probably changed.
[2017.08.13-13.33.47:844][633]LogBlueprint: Warning: [BP_TunnelSpawner] 'AttachPoint' variable not found. Base class was probably changed.
[2017.08.13-13.33.47:849][633]LogBlueprint: Warning: [Compiler BP_TunnelSpawner] Could not find a variable named "TunnelSpawner" in 'BP_Tunnel_C'.
Make sure 'BP_Tunnel_C' has been compiled for  Set TunnelSpawner
[2017.08.13-13.33.47:853][633]LogBlueprint: Error: [Compiler BP_TunnelSpawner] In use pin  <Unnamed>  no longer exists on this node. Please refresh node or break links to remove pin.
[2017.08.13-13.33.47:853][633]LogBlueprint: Error: [Compiler BP_TunnelSpawner] In use pin  Target  no longer exists on this node. Please refresh node or break links to remove pin.
[2017.08.13-13.33.47:853][633]LogBlueprint: Error: [Compiler BP_TunnelSpawner] Could not find a function named "RandomizeWall" in 'BP_Tunnel_C'.
Make sure 'BP_Tunnel_C' has been compiled for  Randomize Wall
[2017.08.13-13.33.47:853][633]LogBlueprint: Warning: [Compiler BP_TunnelSpawner] Could not find a variable named "AttachPoint" in 'BP_Tunnel_C'.
Make sure 'BP_Tunnel_C' has been compiled for  Get AttachPoint
[2017.08.13-13.33.47:856][633]LogBlueprint: Error: [Compiler BP_TunnelSpawner] The property associated with  Attach Point  could not be found
[2017.08.13-13.33.47:862][633]LogBlueprint: Warning: [Compiler BP_TunnelSpawner] [0188.43] Compile of BP_TunnelSpawner failed. 4 Fatal Issue(s) 2 Warning(s) [in 30 ms] (/Game/InfiniteMatrix/Blueprints/BP_TunnelSpawner.BP_TunnelSpawner)
[2017.08.13-13.33.48:335][648]Cmd: OBJ SAVEPACKAGE PACKAGE="/Game/InfiniteMatrix/Blueprints/BP_Tunnel" FILE="../../../../../../Users/tommy/Desktop/InfiniteMatrix/Content/InfiniteMatrix/Blueprints/BP_Tunnel.uasset" SILENT=true
[2017.08.13-13.33.48:388][648]LogSavePackage: Save=22.94ms
[2017.08.13-13.33.48:388][648]LogSavePackage: Moving '../../../../../../Users/tommy/Desktop/InfiniteMatrix/Saved/BP_TunnelA1F1828547692830A89C43AE9B88B09A.tmp' to '../../../../../../Users/tommy/Desktop/InfiniteMatrix/Content/InfiniteMatrix/Blueprints/BP_Tunnel.uasset'
[2017.08.13-13.33.48:392][648]LogSavePackage: Display: Finished SavePackage ../../../../../../Users/tommy/Desktop/InfiniteMatrix/Content/InfiniteMatrix/Blueprints/BP_Tunnel.uasset
[2017.08.13-13.33.57:569][ 15]LogSlate: Took 0.000255 seconds to synchronously load lazily loaded font '../../../Engine/Content/Slate/Fonts/Roboto-Light.ttf' (159K)
[2017.08.13-13.34.02:413][289]BlueprintLog: New page: Compile WBP_Restart
[2017.08.13-13.34.02:885][314]Cmd: OBJ SAVEPACKAGE PACKAGE="/Game/InfiniteMatrix/UI/WBP_Restart" FILE="../../../../../../Users/tommy/Desktop/InfiniteMatrix/Content/InfiniteMatrix/UI/WBP_Restart.uasset" SILENT=true
[2017.08.13-13.34.02:940][314]LogSavePackage: Save=17.00ms
[2017.08.13-13.34.02:940][314]LogSavePackage: Moving '../../../../../../Users/tommy/Desktop/InfiniteMatrix/Saved/WBP_Restart153556DC4F13ED3AE045C6ABEC539842.tmp' to '../../../../../../Users/tommy/Desktop/InfiniteMatrix/Content/InfiniteMatrix/UI/WBP_Restart.uasset'
[2017.08.13-13.34.02:943][314]LogSavePackage: Display: Finished SavePackage ../../../../../../Users/tommy/Desktop/InfiniteMatrix/Content/InfiniteMatrix/UI/WBP_Restart.uasset
[2017.08.13-13.34.15:970][896]LogSavePackage: Save=28.45ms
[2017.08.13-13.34.15:971][896]LogSavePackage: Moving '../../../../../../Users/tommy/Desktop/InfiniteMatrix/Saved/TutorialMap77113BE543736451E4D5C4AC8ECC45E8.tmp' to '../../../../../../Users/tommy/Desktop/InfiniteMatrix/Content/InfiniteMatrix/Maps/TutorialMap.umap'
[2017.08.13-13.34.15:974][896]LogSavePackage: Display: Finished SavePackage ../../../../../../Users/tommy/Desktop/InfiniteMatrix/Content/InfiniteMatrix/Maps/TutorialMap.umap
[2017.08.13-13.34.17:576][986]Cmd: OBJ SAVEPACKAGE PACKAGE="/Game/InfiniteMatrix/Blueprints/BP_Tunnel" FILE="../../../../../../Users/tommy/Desktop/InfiniteMatrix/Content/InfiniteMatrix/Blueprints/BP_Tunnel.uasset" SILENT=true
[2017.08.13-13.34.17:624][986]LogSavePackage: Save=17.35ms
[2017.08.13-13.34.17:624][986]LogSavePackage: Moving '../../../../../../Users/tommy/Desktop/InfiniteMatrix/Saved/BP_Tunnel6FC1A8764AD8B808F66CDFBFDB10A228.tmp' to '../../../../../../Users/tommy/Desktop/InfiniteMatrix/Content/InfiniteMatrix/Blueprints/BP_Tunnel.uasset'
[2017.08.13-13.34.17:627][986]LogSavePackage: Display: Finished SavePackage ../../../../../../Users/tommy/Desktop/InfiniteMatrix/Content/InfiniteMatrix/Blueprints/BP_Tunnel.uasset
[2017.08.13-13.34.17:631][986]Cmd: OBJ SAVEPACKAGE PACKAGE="/Game/InfiniteMatrix/UI/WBP_Restart" FILE="../../../../../../Users/tommy/Desktop/InfiniteMatrix/Content/InfiniteMatrix/UI/WBP_Restart.uasset" SILENT=true
[2017.08.13-13.34.17:675][986]LogSavePackage: Save=15.55ms
[2017.08.13-13.34.17:675][986]LogSavePackage: Moving '../../../../../../Users/tommy/Desktop/InfiniteMatrix/Saved/WBP_RestartF9203BEE4E0E7449127E34B639DBD81F.tmp' to '../../../../../../Users/tommy/Desktop/InfiniteMatrix/Content/InfiniteMatrix/UI/WBP_Restart.uasset'
[2017.08.13-13.34.17:679][986]LogSavePackage: Display: Finished SavePackage ../../../../../../Users/tommy/Desktop/InfiniteMatrix/Content/InfiniteMatrix/UI/WBP_Restart.uasset
[2017.08.13-13.34.25:484][447]Cmd: CAMERA ALIGN ACTIVEVIEWPORTONLY
[2017.08.13-13.34.29:407][677]Cmd: SELECT NONE
[2017.08.13-13.34.30:902][760]LogSavePackage: Save=26.21ms
[2017.08.13-13.34.30:902][760]LogSavePackage: Moving '../../../../../../Users/tommy/Desktop/InfiniteMatrix/Saved/TutorialMap80D849F443BBF62FAF598B8AD56107E7.tmp' to '../../../../../../Users/tommy/Desktop/InfiniteMatrix/Content/InfiniteMatrix/Maps/TutorialMap.umap'
[2017.08.13-13.34.30:905][760]LogSavePackage: Display: Finished SavePackage ../../../../../../Users/tommy/Desktop/InfiniteMatrix/Content/InfiniteMatrix/Maps/TutorialMap.umap
[2017.08.13-13.35.00:367][514]LogSavePackage: Save=24.84ms
[2017.08.13-13.35.00:367][514]LogSavePackage: Moving '../../../../../../Users/tommy/Desktop/InfiniteMatrix/Saved/TutorialMap0A2B92844E634CF07444569D04C4AD11.tmp' to '../../../../../../Users/tommy/Desktop/InfiniteMatrix/Content/InfiniteMatrix/Maps/TutorialMap.umap'
[2017.08.13-13.35.00:368][514]LogSavePackage: Display: Finished SavePackage ../../../../../../Users/tommy/Desktop/InfiniteMatrix/Content/InfiniteMatrix/Maps/TutorialMap.umap
